2024/08/18 09:56:47 [alert] 68980#0: detected a LuaJIT version which is not OpenResty's; many optimizations will be disabled and performance will be compromised (see https://github.com/openresty/luajit2 for OpenResty's LuaJIT or, even better, consider using the OpenResty releases from https://openresty.org/en/download.html)
2024/08/18 09:57:49 [error] 68982#0: *1 open() "/opt/nginx/html/favicon.ico" failed (2: No such file or directory), client: 127.0.0.1, server: localhost, request: "GET /favicon.ico HTTP/1.1", host: "localhost:5739", referrer: "http://localhost:5739/stat"
2024/08/18 10:18:28 [alert] 70258#0: detected a LuaJIT version which is not OpenResty's; many optimizations will be disabled and performance will be compromised (see https://github.com/openresty/luajit2 for OpenResty's LuaJIT or, even better, consider using the OpenResty releases from https://openresty.org/en/download.html)
2024/08/18 10:18:28 [emerg] 70258#0: bind() to 0.0.0.0:5739 failed (98: Address already in use)
2024/08/18 10:18:28 [emerg] 70258#0: bind() to 0.0.0.0:1935 failed (98: Address already in use)
2024/08/18 10:18:28 [emerg] 70258#0: bind() to 0.0.0.0:5739 failed (98: Address already in use)
2024/08/18 10:18:28 [emerg] 70258#0: bind() to 0.0.0.0:1935 failed (98: Address already in use)
2024/08/18 10:18:28 [emerg] 70258#0: bind() to 0.0.0.0:5739 failed (98: Address already in use)
2024/08/18 10:18:28 [emerg] 70258#0: bind() to 0.0.0.0:1935 failed (98: Address already in use)
2024/08/18 10:18:28 [emerg] 70258#0: bind() to 0.0.0.0:5739 failed (98: Address already in use)
2024/08/18 10:18:28 [emerg] 70258#0: bind() to 0.0.0.0:1935 failed (98: Address already in use)
2024/08/18 10:18:28 [emerg] 70258#0: bind() to 0.0.0.0:5739 failed (98: Address already in use)
2024/08/18 10:18:28 [emerg] 70258#0: bind() to 0.0.0.0:1935 failed (98: Address already in use)
2024/08/18 10:18:28 [emerg] 70258#0: still could not bind()
2024/08/18 10:18:56 [alert] 70277#0: detected a LuaJIT version which is not OpenResty's; many optimizations will be disabled and performance will be compromised (see https://github.com/openresty/luajit2 for OpenResty's LuaJIT or, even better, consider using the OpenResty releases from https://openresty.org/en/download.html)
2024/08/18 10:18:56 [emerg] 70277#0: bind() to 0.0.0.0:5739 failed (98: Address already in use)
2024/08/18 10:18:56 [emerg] 70277#0: bind() to 0.0.0.0:1935 failed (98: Address already in use)
2024/08/18 10:18:56 [emerg] 70277#0: bind() to 0.0.0.0:5739 failed (98: Address already in use)
2024/08/18 10:18:56 [emerg] 70277#0: bind() to 0.0.0.0:1935 failed (98: Address already in use)
2024/08/18 10:18:56 [emerg] 70277#0: bind() to 0.0.0.0:5739 failed (98: Address already in use)
2024/08/18 10:18:56 [emerg] 70277#0: bind() to 0.0.0.0:1935 failed (98: Address already in use)
2024/08/18 10:18:56 [emerg] 70277#0: bind() to 0.0.0.0:5739 failed (98: Address already in use)
2024/08/18 10:18:56 [emerg] 70277#0: bind() to 0.0.0.0:1935 failed (98: Address already in use)
2024/08/18 10:18:56 [emerg] 70277#0: bind() to 0.0.0.0:5739 failed (98: Address already in use)
2024/08/18 10:18:56 [emerg] 70277#0: bind() to 0.0.0.0:1935 failed (98: Address already in use)
2024/08/18 10:18:56 [emerg] 70277#0: still could not bind()
2024/08/18 10:20:31 [notice] 70351#0: signal process started
2024/08/18 10:20:40 [alert] 70360#0: detected a LuaJIT version which is not OpenResty's; many optimizations will be disabled and performance will be compromised (see https://github.com/openresty/luajit2 for OpenResty's LuaJIT or, even better, consider using the OpenResty releases from https://openresty.org/en/download.html)
2024/08/18 10:20:44 [alert] 70367#0: detected a LuaJIT version which is not OpenResty's; many optimizations will be disabled and performance will be compromised (see https://github.com/openresty/luajit2 for OpenResty's LuaJIT or, even better, consider using the OpenResty releases from https://openresty.org/en/download.html)
2024/08/18 10:20:44 [emerg] 70367#0: bind() to 0.0.0.0:5739 failed (98: Address already in use)
2024/08/18 10:20:44 [emerg] 70367#0: bind() to 0.0.0.0:1935 failed (98: Address already in use)
2024/08/18 10:20:44 [emerg] 70367#0: bind() to 0.0.0.0:5739 failed (98: Address already in use)
2024/08/18 10:20:44 [emerg] 70367#0: bind() to 0.0.0.0:1935 failed (98: Address already in use)
2024/08/18 10:20:44 [emerg] 70367#0: bind() to 0.0.0.0:5739 failed (98: Address already in use)
2024/08/18 10:20:44 [emerg] 70367#0: bind() to 0.0.0.0:1935 failed (98: Address already in use)
2024/08/18 10:20:44 [emerg] 70367#0: bind() to 0.0.0.0:5739 failed (98: Address already in use)
2024/08/18 10:20:44 [emerg] 70367#0: bind() to 0.0.0.0:1935 failed (98: Address already in use)
2024/08/18 10:20:44 [emerg] 70367#0: bind() to 0.0.0.0:5739 failed (98: Address already in use)
2024/08/18 10:20:44 [emerg] 70367#0: bind() to 0.0.0.0:1935 failed (98: Address already in use)
2024/08/18 10:20:44 [emerg] 70367#0: still could not bind()
2024/08/18 10:47:39 [error] 70362#0: recv() failed (111: Connection refused)
2024/08/18 10:47:39 [error] 70362#0: recv() failed (111: Connection refused)
2024/08/18 11:04:52 [notice] 72739#0: signal process started
2024/08/18 11:05:02 [alert] 72754#0: detected a LuaJIT version which is not OpenResty's; many optimizations will be disabled and performance will be compromised (see https://github.com/openresty/luajit2 for OpenResty's LuaJIT or, even better, consider using the OpenResty releases from https://openresty.org/en/download.html)
2024/08/18 11:05:49 [error] 72756#0: recv() failed (111: Connection refused)
2024/08/18 11:05:49 [error] 72756#0: recv() failed (111: Connection refused)
2024/08/18 11:07:10 [error] 72756#0: recv() failed (104: Connection reset by peer)
2024/08/18 11:07:10 [error] 72756#0: recv() failed (111: Connection refused)
2024/08/18 11:12:18 [error] 72756#0: recv() failed (111: Connection refused)
2024/08/18 11:12:43 [error] 72756#0: recv() failed (111: Connection refused)
2024/08/18 11:58:21 [error] 72756#0: recv() failed (111: Connection refused)
2024/08/18 13:47:07 [notice] 77790#0: signal process started
2024/08/18 14:28:15 [alert] 9700#0: detected a LuaJIT version which is not OpenResty's; many optimizations will be disabled and performance will be compromised (see https://github.com/openresty/luajit2 for OpenResty's LuaJIT or, even better, consider using the OpenResty releases from https://openresty.org/en/download.html)
2024/08/18 18:20:03 [alert] 2590#0: detected a LuaJIT version which is not OpenResty's; many optimizations will be disabled and performance will be compromised (see https://github.com/openresty/luajit2 for OpenResty's LuaJIT or, even better, consider using the OpenResty releases from https://openresty.org/en/download.html)
2024/08/18 18:32:26 [notice] 3405#0: signal process started
2024/08/18 18:35:33 [alert] 3534#0: detected a LuaJIT version which is not OpenResty's; many optimizations will be disabled and performance will be compromised (see https://github.com/openresty/luajit2 for OpenResty's LuaJIT or, even better, consider using the OpenResty releases from https://openresty.org/en/download.html)
2024/08/18 18:40:33 [notice] 3704#0: signal process started
2024/08/18 18:42:15 [alert] 3800#0: detected a LuaJIT version which is not OpenResty's; many optimizations will be disabled and performance will be compromised (see https://github.com/openresty/luajit2 for OpenResty's LuaJIT or, even better, consider using the OpenResty releases from https://openresty.org/en/download.html)
2024/08/18 18:50:07 [error] 3802#0: recv() failed (111: Connection refused)
2024/08/18 18:50:08 [error] 3802#0: recv() failed (111: Connection refused)
2024/08/18 18:50:15 [error] 3802#0: recv() failed (111: Connection refused)
2024/08/18 18:59:17 [alert] 4881#0: detected a LuaJIT version which is not OpenResty's; many optimizations will be disabled and performance will be compromised (see https://github.com/openresty/luajit2 for OpenResty's LuaJIT or, even better, consider using the OpenResty releases from https://openresty.org/en/download.html)
2024/08/18 18:59:17 [emerg] 4881#0: bind() to 0.0.0.0:5739 failed (98: Address already in use)
2024/08/18 18:59:17 [emerg] 4881#0: bind() to 0.0.0.0:1935 failed (98: Address already in use)
2024/08/18 18:59:17 [emerg] 4881#0: bind() to 0.0.0.0:5739 failed (98: Address already in use)
2024/08/18 18:59:17 [emerg] 4881#0: bind() to 0.0.0.0:1935 failed (98: Address already in use)
2024/08/18 18:59:17 [emerg] 4881#0: bind() to 0.0.0.0:5739 failed (98: Address already in use)
2024/08/18 18:59:17 [emerg] 4881#0: bind() to 0.0.0.0:1935 failed (98: Address already in use)
2024/08/18 18:59:17 [emerg] 4881#0: bind() to 0.0.0.0:5739 failed (98: Address already in use)
2024/08/18 18:59:17 [emerg] 4881#0: bind() to 0.0.0.0:1935 failed (98: Address already in use)
2024/08/18 18:59:17 [emerg] 4881#0: bind() to 0.0.0.0:5739 failed (98: Address already in use)
2024/08/18 18:59:17 [emerg] 4881#0: bind() to 0.0.0.0:1935 failed (98: Address already in use)
2024/08/18 19:10:46 [error] 3802#0: recv() failed (111: Connection refused)
2024/08/18 19:10:53 [error] 3802#0: recv() failed (111: Connection refused)
2024/08/18 19:23:38 [error] 3802#0: recv() failed (111: Connection refused)
2024/08/18 19:26:37 [error] 3802#0: recv() failed (111: Connection refused)
2024/08/18 19:30:27 [error] 3802#0: recv() failed (111: Connection refused)
2024/08/18 19:32:48 [error] 3802#0: recv() failed (111: Connection refused)
2024/08/18 19:32:55 [error] 3802#0: recv() failed (111: Connection refused)
2024/08/18 19:33:40 [error] 3802#0: recv() failed (104: Connection reset by peer)
2024/08/18 19:34:17 [error] 3802#0: recv() failed (111: Connection refused)
2024/08/18 19:35:23 [error] 3802#0: recv() failed (111: Connection refused)
2024/08/18 19:35:35 [error] 3802#0: recv() failed (111: Connection refused)
2024/08/18 19:43:28 [error] 3802#0: recv() failed (104: Connection reset by peer)
2024/08/18 19:43:28 [error] 3802#0: recv() failed (104: Connection reset by peer)
2024/08/18 19:47:25 [error] 3802#0: recv() failed (111: Connection refused)
2024/08/18 19:54:55 [error] 3802#0: recv() failed (111: Connection refused)
2024/08/18 19:55:02 [error] 3802#0: recv() failed (104: Connection reset by peer)
2024/08/18 19:55:16 [error] 3802#0: recv() failed (111: Connection refused)
2024/08/18 19:55:22 [error] 3802#0: recv() failed (111: Connection refused)
2024/08/18 19:56:41 [error] 3802#0: recv() failed (104: Connection reset by peer)
2024/08/18 19:56:47 [error] 3802#0: recv() failed (111: Connection refused)
2024/08/18 19:57:56 [error] 3802#0: recv() failed (104: Connection reset by peer)
2024/08/18 19:58:54 [error] 3802#0: recv() failed (111: Connection refused)
2024/08/18 19:58:54 [error] 3802#0: recv() failed (111: Connection refused)
2024/08/18 19:58:54 [error] 3802#0: recv() failed (111: Connection refused)
2024/08/18 19:58:55 [error] 3802#0: recv() failed (111: Connection refused)
2024/08/18 19:58:55 [error] 3802#0: recv() failed (111: Connection refused)
2024/08/18 19:58:55 [error] 3802#0: recv() failed (111: Connection refused)
2024/08/18 19:58:55 [error] 3802#0: recv() failed (111: Connection refused)
2024/08/18 20:01:38 [error] 3802#0: recv() failed (111: Connection refused)
2024/08/18 20:01:39 [error] 3802#0: recv() failed (111: Connection refused)
2024/08/18 20:01:39 [error] 3802#0: recv() failed (111: Connection refused)
2024/08/18 20:01:39 [error] 3802#0: recv() failed (111: Connection refused)
2024/08/18 20:01:39 [error] 3802#0: recv() failed (111: Connection refused)
2024/08/18 20:01:40 [error] 3802#0: recv() failed (111: Connection refused)
2024/08/18 20:01:40 [error] 3802#0: recv() failed (111: Connection refused)
2024/08/18 20:02:46 [error] 3802#0: recv() failed (104: Connection reset by peer)
2024/08/18 20:02:46 [error] 3802#0: recv() failed (104: Connection reset by peer)
2024/08/18 20:02:46 [error] 3802#0: recv() failed (104: Connection reset by peer)
2024/08/18 20:02:46 [error] 3802#0: recv() failed (111: Connection refused)
2024/08/18 20:02:47 [error] 3802#0: recv() failed (111: Connection refused)
2024/08/18 20:05:03 [error] 3802#0: recv() failed (111: Connection refused)
2024/08/18 20:05:03 [error] 3802#0: recv() failed (111: Connection refused)
2024/08/18 20:05:04 [error] 3802#0: recv() failed (111: Connection refused)
2024/08/18 20:05:04 [error] 3802#0: recv() failed (111: Connection refused)
2024/08/18 20:05:04 [error] 3802#0: recv() failed (111: Connection refused)
2024/08/18 20:05:04 [error] 3802#0: recv() failed (111: Connection refused)
2024/08/18 20:10:21 [error] 3802#0: recv() failed (104: Connection reset by peer)
2024/08/18 20:10:21 [error] 3802#0: recv() failed (104: Connection reset by peer)
2024/08/18 20:10:38 [error] 3802#0: recv() failed (111: Connection refused)
2024/08/18 20:10:39 [error] 3802#0: recv() failed (111: Connection refused)
2024/08/18 20:10:39 [error] 3802#0: recv() failed (111: Connection refused)
2024/08/18 20:10:39 [error] 3802#0: recv() failed (111: Connection refused)
2024/08/18 20:10:39 [error] 3802#0: recv() failed (111: Connection refused)
2024/08/18 20:10:39 [error] 3802#0: recv() failed (111: Connection refused)
2024/08/18 20:10:39 [error] 3802#0: recv() failed (111: Connection refused)
2024/08/18 20:10:40 [error] 3802#0: recv() failed (111: Connection refused)
2024/08/18 20:10:40 [error] 3802#0: recv() failed (111: Connection refused)
2024/08/18 20:10:40 [error] 3802#0: recv() failed (111: Connection refused)
2024/08/18 20:10:40 [error] 3802#0: recv() failed (111: Connection refused)
2024/08/18 20:10:40 [error] 3802#0: recv() failed (111: Connection refused)
2024/08/18 20:11:32 [error] 3802#0: recv() failed (104: Connection reset by peer)
2024/08/18 20:11:33 [error] 3802#0: recv() failed (111: Connection refused)
2024/08/18 20:12:32 [error] 3802#0: recv() failed (111: Connection refused)
2024/08/18 20:12:33 [error] 3802#0: recv() failed (111: Connection refused)
2024/08/18 20:12:33 [error] 3802#0: recv() failed (111: Connection refused)
2024/08/18 20:12:33 [error] 3802#0: recv() failed (111: Connection refused)
2024/08/18 20:12:33 [error] 3802#0: recv() failed (111: Connection refused)
2024/08/18 20:12:33 [error] 3802#0: recv() failed (111: Connection refused)
2024/08/18 20:12:33 [error] 3802#0: recv() failed (111: Connection refused)
2024/08/18 20:12:34 [error] 3802#0: recv() failed (111: Connection refused)
2024/08/18 20:12:34 [error] 3802#0: recv() failed (111: Connection refused)
2024/08/18 20:14:52 [error] 3802#0: recv() failed (111: Connection refused)
2024/08/18 20:29:46 [error] 3802#0: recv() failed (111: Connection refused)
2024/08/18 20:29:46 [error] 3802#0: recv() failed (111: Connection refused)
2024/08/18 20:29:46 [error] 3802#0: recv() failed (111: Connection refused)
2024/08/18 20:29:46 [error] 3802#0: recv() failed (111: Connection refused)
2024/08/18 20:29:46 [error] 3802#0: recv() failed (111: Connection refused)
2024/08/18 20:29:46 [error] 3802#0: recv() failed (111: Connection refused)
2024/08/18 20:29:47 [error] 3802#0: recv() failed (111: Connection refused)
2024/08/18 20:29:47 [error] 3802#0: recv() failed (111: Connection refused)
2024/08/18 20:29:47 [error] 3802#0: recv() failed (111: Connection refused)
2024/08/18 20:29:47 [error] 3802#0: recv() failed (111: Connection refused)
2024/08/18 20:29:47 [error] 3802#0: recv() failed (111: Connection refused)
2024/08/18 20:29:47 [error] 3802#0: recv() failed (111: Connection refused)
2024/08/18 20:29:47 [error] 3802#0: recv() failed (111: Connection refused)
2024/08/18 20:29:47 [error] 3802#0: recv() failed (111: Connection refused)
2024/08/18 20:29:47 [error] 3802#0: recv() failed (111: Connection refused)
2024/08/18 20:29:47 [error] 3802#0: recv() failed (111: Connection refused)
2024/08/18 20:29:47 [error] 3802#0: recv() failed (111: Connection refused)
2024/08/18 20:31:57 [error] 3802#0: recv() failed (111: Connection refused)
2024/08/18 20:32:13 [error] 3802#0: recv() failed (111: Connection refused)
2024/08/18 20:32:13 [error] 3802#0: recv() failed (111: Connection refused)
2024/08/18 20:32:13 [error] 3802#0: recv() failed (111: Connection refused)
2024/08/18 20:32:13 [error] 3802#0: recv() failed (111: Connection refused)
2024/08/18 20:32:13 [error] 3802#0: recv() failed (111: Connection refused)
2024/08/18 20:32:13 [error] 3802#0: recv() failed (111: Connection refused)
2024/08/18 20:32:13 [error] 3802#0: recv() failed (111: Connection refused)
2024/08/18 20:32:13 [error] 3802#0: recv() failed (111: Connection refused)
2024/08/18 20:32:13 [error] 3802#0: recv() failed (111: Connection refused)
2024/08/18 20:32:14 [error] 3802#0: recv() failed (111: Connection refused)
2024/08/18 20:32:14 [error] 3802#0: recv() failed (111: Connection refused)
2024/08/18 20:32:14 [error] 3802#0: recv() failed (111: Connection refused)
2024/08/18 20:32:14 [error] 3802#0: recv() failed (111: Connection refused)
2024/08/18 20:32:14 [error] 3802#0: recv() failed (111: Connection refused)
2024/08/18 20:32:14 [error] 3802#0: recv() failed (111: Connection refused)
2024/08/18 20:32:14 [error] 3802#0: recv() failed (111: Connection refused)
2024/08/18 20:33:20 [error] 3802#0: recv() failed (111: Connection refused)
2024/08/18 20:33:22 [error] 3802#0: recv() failed (111: Connection refused)
2024/08/18 20:40:56 [error] 3802#0: recv() failed (111: Connection refused)
2024/08/18 20:40:56 [error] 3802#0: recv() failed (111: Connection refused)
2024/08/18 20:40:56 [error] 3802#0: recv() failed (111: Connection refused)
2024/08/18 20:40:56 [error] 3802#0: recv() failed (111: Connection refused)
2024/08/18 20:40:56 [error] 3802#0: recv() failed (111: Connection refused)
2024/08/18 20:40:56 [error] 3802#0: recv() failed (111: Connection refused)
2024/08/18 20:40:56 [error] 3802#0: recv() failed (111: Connection refused)
2024/08/18 20:40:56 [error] 3802#0: recv() failed (111: Connection refused)
2024/08/18 20:40:56 [error] 3802#0: recv() failed (111: Connection refused)
2024/08/18 20:40:56 [error] 3802#0: recv() failed (111: Connection refused)
2024/08/18 20:40:56 [error] 3802#0: recv() failed (111: Connection refused)
2024/08/18 20:40:57 [error] 3802#0: recv() failed (111: Connection refused)
2024/08/18 20:40:57 [error] 3802#0: recv() failed (111: Connection refused)
2024/08/18 20:40:57 [error] 3802#0: recv() failed (111: Connection refused)
2024/08/18 20:40:57 [error] 3802#0: recv() failed (111: Connection refused)
2024/08/18 20:40:57 [error] 3802#0: recv() failed (111: Connection refused)
2024/08/18 20:40:57 [error] 3802#0: recv() failed (111: Connection refused)
2024/08/18 20:40:57 [error] 3802#0: recv() failed (111: Connection refused)
2024/08/18 20:40:57 [error] 3802#0: recv() failed (111: Connection refused)
2024/08/18 20:41:19 [error] 3802#0: recv() failed (104: Connection reset by peer)
2024/08/18 20:41:19 [error] 3802#0: recv() failed (111: Connection refused)
2024/08/18 20:41:22 [error] 3802#0: recv() failed (111: Connection refused)
2024/08/18 20:41:54 [error] 3802#0: recv() failed (111: Connection refused)
2024/08/18 20:41:54 [error] 3802#0: recv() failed (111: Connection refused)
2024/08/18 20:41:54 [error] 3802#0: recv() failed (111: Connection refused)
2024/08/18 20:41:54 [error] 3802#0: recv() failed (111: Connection refused)
2024/08/18 20:41:54 [error] 3802#0: recv() failed (111: Connection refused)
2024/08/18 20:41:55 [error] 3802#0: recv() failed (111: Connection refused)
2024/08/18 20:41:55 [error] 3802#0: recv() failed (111: Connection refused)
2024/08/18 20:41:55 [error] 3802#0: recv() failed (111: Connection refused)
2024/08/18 20:41:55 [error] 3802#0: recv() failed (111: Connection refused)
2024/08/18 20:41:55 [error] 3802#0: recv() failed (111: Connection refused)
2024/08/18 20:41:56 [error] 3802#0: recv() failed (111: Connection refused)
2024/08/18 20:41:56 [error] 3802#0: recv() failed (111: Connection refused)
2024/08/18 20:41:56 [error] 3802#0: recv() failed (111: Connection refused)
2024/08/18 20:41:56 [error] 3802#0: recv() failed (111: Connection refused)
2024/08/18 20:41:56 [error] 3802#0: recv() failed (111: Connection refused)
2024/08/18 20:41:56 [error] 3802#0: recv() failed (111: Connection refused)
2024/08/18 20:41:57 [error] 3802#0: recv() failed (111: Connection refused)
2024/08/18 20:41:57 [error] 3802#0: recv() failed (111: Connection refused)
2024/08/18 20:41:57 [error] 3802#0: recv() failed (111: Connection refused)
2024/08/18 20:41:57 [error] 3802#0: recv() failed (111: Connection refused)
2024/08/18 20:41:57 [error] 3802#0: recv() failed (111: Connection refused)
2024/08/18 20:41:57 [error] 3802#0: recv() failed (111: Connection refused)
2024/08/18 20:41:58 [error] 3802#0: recv() failed (111: Connection refused)
2024/08/18 20:41:58 [error] 3802#0: recv() failed (111: Connection refused)
2024/08/18 20:41:58 [error] 3802#0: recv() failed (111: Connection refused)
2024/08/18 20:41:58 [error] 3802#0: recv() failed (111: Connection refused)
2024/08/18 20:41:58 [error] 3802#0: recv() failed (111: Connection refused)
2024/08/18 20:41:58 [error] 3802#0: recv() failed (111: Connection refused)
2024/08/18 20:41:59 [error] 3802#0: recv() failed (111: Connection refused)
2024/08/18 20:41:59 [error] 3802#0: recv() failed (111: Connection refused)
2024/08/18 20:41:59 [error] 3802#0: recv() failed (111: Connection refused)
2024/08/18 20:41:59 [error] 3802#0: recv() failed (111: Connection refused)
2024/08/18 20:41:59 [error] 3802#0: recv() failed (111: Connection refused)
2024/08/18 20:41:59 [error] 3802#0: recv() failed (111: Connection refused)
2024/08/18 20:42:00 [error] 3802#0: recv() failed (111: Connection refused)
2024/08/18 20:42:00 [error] 3802#0: recv() failed (111: Connection refused)
2024/08/18 20:42:00 [error] 3802#0: recv() failed (111: Connection refused)
2024/08/18 20:42:00 [error] 3802#0: recv() failed (111: Connection refused)
2024/08/18 20:42:00 [error] 3802#0: recv() failed (111: Connection refused)
2024/08/18 20:42:00 [error] 3802#0: recv() failed (111: Connection refused)
2024/08/18 20:42:01 [error] 3802#0: recv() failed (111: Connection refused)
2024/08/18 20:42:01 [error] 3802#0: recv() failed (111: Connection refused)
2024/08/18 20:42:01 [error] 3802#0: recv() failed (111: Connection refused)
2024/08/18 20:42:01 [error] 3802#0: recv() failed (111: Connection refused)
2024/08/18 20:42:01 [error] 3802#0: recv() failed (111: Connection refused)
2024/08/18 20:42:02 [error] 3802#0: recv() failed (111: Connection refused)
2024/08/18 20:42:02 [error] 3802#0: recv() failed (111: Connection refused)
2024/08/18 20:42:02 [error] 3802#0: recv() failed (111: Connection refused)
2024/08/18 20:42:02 [error] 3802#0: recv() failed (111: Connection refused)
2024/08/18 20:42:02 [error] 3802#0: recv() failed (111: Connection refused)
2024/08/18 20:42:02 [error] 3802#0: recv() failed (111: Connection refused)
2024/08/18 20:42:03 [error] 3802#0: recv() failed (111: Connection refused)
2024/08/18 20:42:03 [error] 3802#0: recv() failed (111: Connection refused)
2024/08/18 20:42:03 [error] 3802#0: recv() failed (111: Connection refused)
2024/08/18 20:42:03 [error] 3802#0: recv() failed (111: Connection refused)
2024/08/18 20:42:03 [error] 3802#0: recv() failed (111: Connection refused)
2024/08/18 20:42:03 [error] 3802#0: recv() failed (111: Connection refused)
2024/08/18 20:42:04 [error] 3802#0: recv() failed (111: Connection refused)
2024/08/18 20:42:04 [error] 3802#0: recv() failed (111: Connection refused)
2024/08/18 20:42:04 [error] 3802#0: recv() failed (111: Connection refused)
2024/08/18 20:42:04 [error] 3802#0: recv() failed (111: Connection refused)
2024/08/18 20:42:04 [error] 3802#0: recv() failed (111: Connection refused)
2024/08/18 20:42:04 [error] 3802#0: recv() failed (111: Connection refused)
2024/08/18 20:42:05 [error] 3802#0: recv() failed (111: Connection refused)
2024/08/18 20:42:05 [error] 3802#0: recv() failed (111: Connection refused)
2024/08/18 20:42:05 [error] 3802#0: recv() failed (111: Connection refused)
2024/08/18 20:42:05 [error] 3802#0: recv() failed (111: Connection refused)
2024/08/18 20:42:05 [error] 3802#0: recv() failed (111: Connection refused)
2024/08/18 20:42:05 [error] 3802#0: recv() failed (111: Connection refused)
2024/08/18 20:42:06 [error] 3802#0: recv() failed (111: Connection refused)
2024/08/18 20:42:06 [error] 3802#0: recv() failed (111: Connection refused)
2024/08/18 20:42:06 [error] 3802#0: recv() failed (111: Connection refused)
2024/08/18 20:42:06 [error] 3802#0: recv() failed (111: Connection refused)
2024/08/18 20:42:06 [error] 3802#0: recv() failed (111: Connection refused)
2024/08/18 20:42:07 [error] 3802#0: recv() failed (111: Connection refused)
2024/08/18 20:42:07 [error] 3802#0: recv() failed (111: Connection refused)
2024/08/18 20:42:07 [error] 3802#0: recv() failed (111: Connection refused)
2024/08/18 20:42:07 [error] 3802#0: recv() failed (111: Connection refused)
2024/08/18 20:42:07 [error] 3802#0: recv() failed (111: Connection refused)
2024/08/18 20:42:07 [error] 3802#0: recv() failed (111: Connection refused)
2024/08/18 20:42:08 [error] 3802#0: recv() failed (111: Connection refused)
2024/08/18 20:42:08 [error] 3802#0: recv() failed (111: Connection refused)
2024/08/18 20:42:08 [error] 3802#0: recv() failed (111: Connection refused)
2024/08/18 20:42:08 [error] 3802#0: recv() failed (111: Connection refused)
2024/08/18 20:42:08 [error] 3802#0: recv() failed (111: Connection refused)
2024/08/18 20:42:08 [error] 3802#0: recv() failed (111: Connection refused)
2024/08/18 20:42:09 [error] 3802#0: recv() failed (111: Connection refused)
2024/08/18 20:42:09 [error] 3802#0: recv() failed (111: Connection refused)
2024/08/18 20:42:09 [error] 3802#0: recv() failed (111: Connection refused)
2024/08/18 20:42:09 [error] 3802#0: recv() failed (111: Connection refused)
2024/08/18 20:42:09 [error] 3802#0: recv() failed (111: Connection refused)
2024/08/18 20:42:09 [error] 3802#0: recv() failed (111: Connection refused)
2024/08/18 20:42:10 [error] 3802#0: recv() failed (111: Connection refused)
2024/08/18 20:42:10 [error] 3802#0: recv() failed (111: Connection refused)
2024/08/18 20:42:10 [error] 3802#0: recv() failed (111: Connection refused)
2024/08/18 20:42:10 [error] 3802#0: recv() failed (111: Connection refused)
2024/08/18 20:42:10 [error] 3802#0: recv() failed (111: Connection refused)
2024/08/18 20:42:11 [error] 3802#0: recv() failed (111: Connection refused)
2024/08/18 20:42:11 [error] 3802#0: recv() failed (111: Connection refused)
2024/08/18 20:42:11 [error] 3802#0: recv() failed (111: Connection refused)
2024/08/18 20:42:11 [error] 3802#0: recv() failed (111: Connection refused)
2024/08/18 20:42:11 [error] 3802#0: recv() failed (111: Connection refused)
2024/08/18 20:42:11 [error] 3802#0: recv() failed (111: Connection refused)
2024/08/18 20:42:12 [error] 3802#0: recv() failed (111: Connection refused)
2024/08/18 20:42:12 [error] 3802#0: recv() failed (111: Connection refused)
2024/08/18 20:42:12 [error] 3802#0: recv() failed (111: Connection refused)
2024/08/18 20:42:12 [error] 3802#0: recv() failed (111: Connection refused)
2024/08/18 20:42:12 [error] 3802#0: recv() failed (111: Connection refused)
2024/08/18 20:42:13 [error] 3802#0: recv() failed (111: Connection refused)
2024/08/18 20:42:13 [error] 3802#0: recv() failed (111: Connection refused)
2024/08/18 20:42:13 [error] 3802#0: recv() failed (111: Connection refused)
2024/08/18 20:42:13 [error] 3802#0: recv() failed (111: Connection refused)
2024/08/18 20:42:13 [error] 3802#0: recv() failed (111: Connection refused)
2024/08/18 20:42:13 [error] 3802#0: recv() failed (111: Connection refused)
2024/08/18 20:42:14 [error] 3802#0: recv() failed (111: Connection refused)
2024/08/18 20:42:14 [error] 3802#0: recv() failed (111: Connection refused)
2024/08/18 20:42:14 [error] 3802#0: recv() failed (111: Connection refused)
2024/08/18 20:42:14 [error] 3802#0: recv() failed (111: Connection refused)
2024/08/18 20:42:14 [error] 3802#0: recv() failed (111: Connection refused)
2024/08/18 20:42:14 [error] 3802#0: recv() failed (111: Connection refused)
2024/08/18 20:42:15 [error] 3802#0: recv() failed (111: Connection refused)
2024/08/18 20:42:15 [error] 3802#0: recv() failed (111: Connection refused)
2024/08/18 20:42:15 [error] 3802#0: recv() failed (111: Connection refused)
2024/08/18 20:42:15 [error] 3802#0: recv() failed (111: Connection refused)
2024/08/18 20:42:15 [error] 3802#0: recv() failed (111: Connection refused)
2024/08/18 20:42:15 [error] 3802#0: recv() failed (111: Connection refused)
2024/08/18 20:42:16 [error] 3802#0: recv() failed (111: Connection refused)
2024/08/18 20:42:16 [error] 3802#0: recv() failed (111: Connection refused)
2024/08/18 20:42:16 [error] 3802#0: recv() failed (111: Connection refused)
2024/08/18 20:42:16 [error] 3802#0: recv() failed (111: Connection refused)
2024/08/18 20:42:16 [error] 3802#0: recv() failed (111: Connection refused)
2024/08/18 20:42:17 [error] 3802#0: recv() failed (111: Connection refused)
2024/08/18 20:42:17 [error] 3802#0: recv() failed (111: Connection refused)
2024/08/18 20:42:17 [error] 3802#0: recv() failed (111: Connection refused)
2024/08/18 20:42:17 [error] 3802#0: recv() failed (111: Connection refused)
2024/08/18 20:42:17 [error] 3802#0: recv() failed (111: Connection refused)
2024/08/18 20:42:17 [error] 3802#0: recv() failed (111: Connection refused)
2024/08/18 20:42:18 [error] 3802#0: recv() failed (111: Connection refused)
2024/08/18 20:42:18 [error] 3802#0: recv() failed (111: Connection refused)
2024/08/18 20:42:18 [error] 3802#0: recv() failed (111: Connection refused)
2024/08/18 20:42:18 [error] 3802#0: recv() failed (111: Connection refused)
2024/08/18 20:42:18 [error] 3802#0: recv() failed (111: Connection refused)
2024/08/18 20:42:18 [error] 3802#0: recv() failed (111: Connection refused)
2024/08/18 20:42:19 [error] 3802#0: recv() failed (111: Connection refused)
2024/08/18 20:42:19 [error] 3802#0: recv() failed (111: Connection refused)
2024/08/18 20:42:19 [error] 3802#0: recv() failed (111: Connection refused)
2024/08/18 20:42:19 [error] 3802#0: recv() failed (111: Connection refused)
2024/08/18 20:42:19 [error] 3802#0: recv() failed (111: Connection refused)
2024/08/18 20:42:20 [error] 3802#0: recv() failed (111: Connection refused)
2024/08/18 20:42:20 [error] 3802#0: recv() failed (111: Connection refused)
2024/08/18 20:42:20 [error] 3802#0: recv() failed (111: Connection refused)
2024/08/18 20:42:20 [error] 3802#0: recv() failed (111: Connection refused)
2024/08/18 20:42:20 [error] 3802#0: recv() failed (111: Connection refused)
2024/08/18 20:42:20 [error] 3802#0: recv() failed (111: Connection refused)
2024/08/18 20:42:21 [error] 3802#0: recv() failed (111: Connection refused)
2024/08/18 20:42:21 [error] 3802#0: recv() failed (111: Connection refused)
2024/08/18 20:42:21 [error] 3802#0: recv() failed (111: Connection refused)
2024/08/18 20:42:21 [error] 3802#0: recv() failed (111: Connection refused)
2024/08/18 20:42:21 [error] 3802#0: recv() failed (111: Connection refused)
2024/08/18 20:42:21 [error] 3802#0: recv() failed (111: Connection refused)
2024/08/18 20:42:22 [error] 3802#0: recv() failed (111: Connection refused)
2024/08/18 20:42:22 [error] 3802#0: recv() failed (111: Connection refused)
2024/08/18 20:42:22 [error] 3802#0: recv() failed (111: Connection refused)
2024/08/18 20:42:22 [error] 3802#0: recv() failed (111: Connection refused)
2024/08/18 20:42:22 [error] 3802#0: recv() failed (111: Connection refused)
2024/08/18 20:42:22 [error] 3802#0: recv() failed (111: Connection refused)
2024/08/18 20:42:23 [error] 3802#0: recv() failed (111: Connection refused)
2024/08/18 20:42:23 [error] 3802#0: recv() failed (111: Connection refused)
2024/08/18 20:42:23 [error] 3802#0: recv() failed (111: Connection refused)
2024/08/18 20:42:23 [error] 3802#0: recv() failed (111: Connection refused)
2024/08/18 20:42:23 [error] 3802#0: recv() failed (111: Connection refused)
2024/08/18 20:42:24 [error] 3802#0: recv() failed (111: Connection refused)
2024/08/18 20:42:24 [error] 3802#0: recv() failed (111: Connection refused)
2024/08/18 20:42:24 [error] 3802#0: recv() failed (111: Connection refused)
2024/08/18 20:42:24 [error] 3802#0: recv() failed (111: Connection refused)
2024/08/18 20:42:24 [error] 3802#0: recv() failed (111: Connection refused)
2024/08/18 20:42:24 [error] 3802#0: recv() failed (111: Connection refused)
2024/08/18 20:42:25 [error] 3802#0: recv() failed (111: Connection refused)
2024/08/18 20:42:25 [error] 3802#0: recv() failed (111: Connection refused)
2024/08/18 20:42:25 [error] 3802#0: recv() failed (111: Connection refused)
2024/08/18 20:42:25 [error] 3802#0: recv() failed (111: Connection refused)
2024/08/18 20:42:25 [error] 3802#0: recv() failed (111: Connection refused)
2024/08/18 20:42:25 [error] 3802#0: recv() failed (111: Connection refused)
2024/08/18 20:42:26 [error] 3802#0: recv() failed (111: Connection refused)
2024/08/18 20:42:26 [error] 3802#0: recv() failed (111: Connection refused)
2024/08/18 20:42:26 [error] 3802#0: recv() failed (111: Connection refused)
2024/08/18 20:42:26 [error] 3802#0: recv() failed (111: Connection refused)
2024/08/18 20:42:26 [error] 3802#0: recv() failed (111: Connection refused)
2024/08/18 20:42:26 [error] 3802#0: recv() failed (111: Connection refused)
2024/08/18 20:42:27 [error] 3802#0: recv() failed (111: Connection refused)
2024/08/18 20:42:27 [error] 3802#0: recv() failed (111: Connection refused)
2024/08/18 20:42:27 [error] 3802#0: recv() failed (111: Connection refused)
2024/08/18 20:42:27 [error] 3802#0: recv() failed (111: Connection refused)
2024/08/18 20:42:27 [error] 3802#0: recv() failed (111: Connection refused)
2024/08/18 20:42:27 [error] 3802#0: recv() failed (111: Connection refused)
2024/08/18 20:42:28 [error] 3802#0: recv() failed (111: Connection refused)
2024/08/18 20:42:28 [error] 3802#0: recv() failed (111: Connection refused)
2024/08/18 20:42:28 [error] 3802#0: recv() failed (111: Connection refused)
2024/08/18 20:42:28 [error] 3802#0: recv() failed (111: Connection refused)
2024/08/18 20:42:28 [error] 3802#0: recv() failed (111: Connection refused)
2024/08/18 20:42:28 [error] 3802#0: recv() failed (111: Connection refused)
2024/08/18 20:42:29 [error] 3802#0: recv() failed (111: Connection refused)
2024/08/18 20:42:29 [error] 3802#0: recv() failed (111: Connection refused)
2024/08/18 20:42:29 [error] 3802#0: recv() failed (111: Connection refused)
2024/08/18 20:42:29 [error] 3802#0: recv() failed (111: Connection refused)
2024/08/18 20:42:29 [error] 3802#0: recv() failed (111: Connection refused)
2024/08/18 20:42:30 [error] 3802#0: recv() failed (111: Connection refused)
2024/08/18 20:42:30 [error] 3802#0: recv() failed (111: Connection refused)
2024/08/18 20:42:30 [error] 3802#0: recv() failed (111: Connection refused)
2024/08/18 20:42:30 [error] 3802#0: recv() failed (111: Connection refused)
2024/08/18 20:42:30 [error] 3802#0: recv() failed (111: Connection refused)
2024/08/18 20:42:30 [error] 3802#0: recv() failed (111: Connection refused)
2024/08/18 20:42:31 [error] 3802#0: recv() failed (111: Connection refused)
2024/08/18 20:42:31 [error] 3802#0: recv() failed (111: Connection refused)
2024/08/18 20:42:31 [error] 3802#0: recv() failed (111: Connection refused)
2024/08/18 20:42:31 [error] 3802#0: recv() failed (111: Connection refused)
2024/08/18 20:42:31 [error] 3802#0: recv() failed (111: Connection refused)
2024/08/18 20:42:31 [error] 3802#0: recv() failed (111: Connection refused)
2024/08/18 20:43:03 [error] 3802#0: recv() failed (111: Connection refused)
2024/08/18 20:43:05 [error] 3802#0: recv() failed (111: Connection refused)
2024/08/18 20:43:07 [error] 3802#0: recv() failed (111: Connection refused)
2024/08/18 20:43:08 [error] 3802#0: recv() failed (111: Connection refused)
2024/08/18 20:43:15 [error] 3802#0: recv() failed (111: Connection refused)
2024/08/18 20:43:20 [error] 3802#0: recv() failed (111: Connection refused)
2024/08/18 20:43:27 [error] 3802#0: recv() failed (111: Connection refused)
2024/08/18 20:44:43 [error] 3802#0: recv() failed (111: Connection refused)
2024/08/18 20:44:45 [error] 3802#0: recv() failed (111: Connection refused)
2024/08/18 20:44:46 [error] 3802#0: recv() failed (111: Connection refused)
2024/08/18 20:44:47 [error] 3802#0: recv() failed (111: Connection refused)
2024/08/18 20:44:48 [error] 3802#0: recv() failed (111: Connection refused)
2024/08/18 20:44:49 [error] 3802#0: recv() failed (111: Connection refused)
2024/08/18 20:44:50 [error] 3802#0: recv() failed (111: Connection refused)
2024/08/18 20:44:51 [error] 3802#0: recv() failed (111: Connection refused)
2024/08/18 20:44:52 [error] 3802#0: recv() failed (111: Connection refused)
2024/08/18 20:44:53 [error] 3802#0: recv() failed (111: Connection refused)
2024/08/18 20:45:15 [error] 3802#0: recv() failed (111: Connection refused)
2024/08/18 20:45:15 [error] 3802#0: recv() failed (111: Connection refused)
2024/08/18 20:45:15 [error] 3802#0: recv() failed (111: Connection refused)
2024/08/18 20:45:15 [error] 3802#0: recv() failed (111: Connection refused)
2024/08/18 20:45:15 [error] 3802#0: recv() failed (111: Connection refused)
2024/08/18 20:45:15 [error] 3802#0: recv() failed (111: Connection refused)
2024/08/18 20:45:16 [error] 3802#0: recv() failed (111: Connection refused)
2024/08/18 20:45:16 [error] 3802#0: recv() failed (111: Connection refused)
2024/08/18 20:45:16 [error] 3802#0: recv() failed (111: Connection refused)
2024/08/18 20:45:16 [error] 3802#0: recv() failed (111: Connection refused)
2024/08/18 20:45:16 [error] 3802#0: recv() failed (111: Connection refused)
2024/08/18 20:45:16 [error] 3802#0: recv() failed (111: Connection refused)
2024/08/18 20:45:17 [error] 3802#0: recv() failed (111: Connection refused)
2024/08/18 20:45:17 [error] 3802#0: recv() failed (111: Connection refused)
2024/08/18 20:45:17 [error] 3802#0: recv() failed (111: Connection refused)
2024/08/18 20:45:17 [error] 3802#0: recv() failed (111: Connection refused)
2024/08/18 20:45:17 [error] 3802#0: recv() failed (111: Connection refused)
2024/08/18 20:45:18 [error] 3802#0: recv() failed (111: Connection refused)
2024/08/18 20:45:18 [error] 3802#0: recv() failed (111: Connection refused)
2024/08/18 20:45:18 [error] 3802#0: recv() failed (111: Connection refused)
2024/08/18 20:45:18 [error] 3802#0: recv() failed (111: Connection refused)
2024/08/18 20:45:18 [error] 3802#0: recv() failed (111: Connection refused)
2024/08/18 20:45:18 [error] 3802#0: recv() failed (111: Connection refused)
2024/08/18 20:45:19 [error] 3802#0: recv() failed (111: Connection refused)
2024/08/18 20:45:19 [error] 3802#0: recv() failed (111: Connection refused)
2024/08/18 20:45:19 [error] 3802#0: recv() failed (111: Connection refused)
2024/08/18 20:45:19 [error] 3802#0: recv() failed (111: Connection refused)
2024/08/18 20:45:19 [error] 3802#0: recv() failed (111: Connection refused)
2024/08/18 20:45:19 [error] 3802#0: recv() failed (111: Connection refused)
2024/08/18 20:45:20 [error] 3802#0: recv() failed (111: Connection refused)
2024/08/18 20:45:20 [error] 3802#0: recv() failed (111: Connection refused)
2024/08/18 20:45:20 [error] 3802#0: recv() failed (111: Connection refused)
2024/08/18 20:45:20 [error] 3802#0: recv() failed (111: Connection refused)
2024/08/18 20:45:20 [error] 3802#0: recv() failed (111: Connection refused)
2024/08/18 20:45:21 [error] 3802#0: recv() failed (111: Connection refused)
2024/08/18 20:45:21 [error] 3802#0: recv() failed (111: Connection refused)
2024/08/18 20:45:21 [error] 3802#0: recv() failed (111: Connection refused)
2024/08/18 20:45:21 [error] 3802#0: recv() failed (111: Connection refused)
2024/08/18 20:45:21 [error] 3802#0: recv() failed (111: Connection refused)
2024/08/18 20:45:21 [error] 3802#0: recv() failed (111: Connection refused)
2024/08/18 20:45:22 [error] 3802#0: recv() failed (111: Connection refused)
2024/08/18 20:45:22 [error] 3802#0: recv() failed (111: Connection refused)
2024/08/18 20:45:22 [error] 3802#0: recv() failed (111: Connection refused)
2024/08/18 20:45:22 [error] 3802#0: recv() failed (111: Connection refused)
2024/08/18 20:45:22 [error] 3802#0: recv() failed (111: Connection refused)
2024/08/18 20:45:22 [error] 3802#0: recv() failed (111: Connection refused)
2024/08/18 20:45:23 [error] 3802#0: recv() failed (111: Connection refused)
2024/08/18 20:45:23 [error] 3802#0: recv() failed (111: Connection refused)
2024/08/18 20:45:23 [error] 3802#0: recv() failed (111: Connection refused)
2024/08/18 20:45:23 [error] 3802#0: recv() failed (111: Connection refused)
2024/08/18 20:45:23 [error] 3802#0: recv() failed (111: Connection refused)
2024/08/18 20:45:23 [error] 3802#0: recv() failed (111: Connection refused)
2024/08/18 20:45:24 [error] 3802#0: recv() failed (111: Connection refused)
2024/08/18 20:45:24 [error] 3802#0: recv() failed (111: Connection refused)
2024/08/18 20:45:24 [error] 3802#0: recv() failed (111: Connection refused)
2024/08/18 20:45:24 [error] 3802#0: recv() failed (111: Connection refused)
2024/08/18 20:45:24 [error] 3802#0: recv() failed (111: Connection refused)
2024/08/18 20:45:24 [error] 3802#0: recv() failed (111: Connection refused)
2024/08/18 20:45:25 [error] 3802#0: recv() failed (111: Connection refused)
2024/08/18 20:45:25 [error] 3802#0: recv() failed (111: Connection refused)
2024/08/18 20:45:25 [error] 3802#0: recv() failed (111: Connection refused)
2024/08/18 20:45:25 [error] 3802#0: recv() failed (111: Connection refused)
2024/08/18 20:45:25 [error] 3802#0: recv() failed (111: Connection refused)
2024/08/18 20:45:25 [error] 3802#0: recv() failed (111: Connection refused)
2024/08/18 20:45:26 [error] 3802#0: recv() failed (111: Connection refused)
2024/08/18 20:45:26 [error] 3802#0: recv() failed (111: Connection refused)
2024/08/18 20:45:26 [error] 3802#0: recv() failed (111: Connection refused)
2024/08/18 20:45:26 [error] 3802#0: recv() failed (111: Connection refused)
2024/08/18 20:45:26 [error] 3802#0: recv() failed (111: Connection refused)
2024/08/18 20:45:27 [error] 3802#0: recv() failed (111: Connection refused)
2024/08/18 20:45:27 [error] 3802#0: recv() failed (111: Connection refused)
2024/08/18 20:45:27 [error] 3802#0: recv() failed (111: Connection refused)
2024/08/18 20:45:27 [error] 3802#0: recv() failed (111: Connection refused)
2024/08/18 20:45:27 [error] 3802#0: recv() failed (111: Connection refused)
2024/08/18 20:45:27 [error] 3802#0: recv() failed (111: Connection refused)
2024/08/18 20:45:28 [error] 3802#0: recv() failed (111: Connection refused)
2024/08/18 20:45:28 [error] 3802#0: recv() failed (111: Connection refused)
2024/08/18 20:45:28 [error] 3802#0: recv() failed (111: Connection refused)
2024/08/18 20:45:28 [error] 3802#0: recv() failed (111: Connection refused)
2024/08/18 20:45:28 [error] 3802#0: recv() failed (111: Connection refused)
2024/08/18 20:45:28 [error] 3802#0: recv() failed (111: Connection refused)
2024/08/18 20:45:29 [error] 3802#0: recv() failed (111: Connection refused)
2024/08/18 20:45:29 [error] 3802#0: recv() failed (111: Connection refused)
2024/08/18 20:45:29 [error] 3802#0: recv() failed (111: Connection refused)
2024/08/18 20:45:29 [error] 3802#0: recv() failed (111: Connection refused)
2024/08/18 20:45:29 [error] 3802#0: recv() failed (111: Connection refused)
2024/08/18 20:45:29 [error] 3802#0: recv() failed (111: Connection refused)
2024/08/18 20:45:30 [error] 3802#0: recv() failed (111: Connection refused)
2024/08/18 20:45:30 [error] 3802#0: recv() failed (111: Connection refused)
2024/08/18 20:45:30 [error] 3802#0: recv() failed (111: Connection refused)
2024/08/18 20:45:30 [error] 3802#0: recv() failed (111: Connection refused)
2024/08/18 20:45:30 [error] 3802#0: recv() failed (111: Connection refused)
2024/08/18 20:45:31 [error] 3802#0: recv() failed (111: Connection refused)
2024/08/18 20:45:31 [error] 3802#0: recv() failed (111: Connection refused)
2024/08/18 20:45:31 [error] 3802#0: recv() failed (111: Connection refused)
2024/08/18 20:45:31 [error] 3802#0: recv() failed (111: Connection refused)
2024/08/18 20:45:31 [error] 3802#0: recv() failed (111: Connection refused)
2024/08/18 20:45:31 [error] 3802#0: recv() failed (111: Connection refused)
2024/08/18 20:45:32 [error] 3802#0: recv() failed (111: Connection refused)
2024/08/18 20:45:32 [error] 3802#0: recv() failed (111: Connection refused)
2024/08/18 20:45:32 [error] 3802#0: recv() failed (111: Connection refused)
2024/08/18 20:45:32 [error] 3802#0: recv() failed (111: Connection refused)
2024/08/18 20:45:32 [error] 3802#0: recv() failed (111: Connection refused)
2024/08/18 20:45:32 [error] 3802#0: recv() failed (111: Connection refused)
2024/08/18 20:45:33 [error] 3802#0: recv() failed (111: Connection refused)
2024/08/18 20:45:33 [error] 3802#0: recv() failed (111: Connection refused)
2024/08/18 20:45:33 [error] 3802#0: recv() failed (111: Connection refused)
2024/08/18 20:45:33 [error] 3802#0: recv() failed (111: Connection refused)
2024/08/18 20:45:33 [error] 3802#0: recv() failed (111: Connection refused)
2024/08/18 20:52:54 [error] 3802#0: recv() failed (111: Connection refused)
2024/08/18 20:52:54 [error] 3802#0: recv() failed (111: Connection refused)
2024/08/18 20:52:54 [error] 3802#0: recv() failed (111: Connection refused)
2024/08/18 20:52:54 [error] 3802#0: recv() failed (111: Connection refused)
2024/08/18 20:52:54 [error] 3802#0: recv() failed (111: Connection refused)
2024/08/18 20:52:55 [error] 3802#0: recv() failed (111: Connection refused)
2024/08/18 20:52:55 [error] 3802#0: recv() failed (111: Connection refused)
2024/08/18 20:52:55 [error] 3802#0: recv() failed (111: Connection refused)
2024/08/18 20:52:55 [error] 3802#0: recv() failed (111: Connection refused)
2024/08/18 20:52:55 [error] 3802#0: recv() failed (111: Connection refused)
2024/08/18 20:52:55 [error] 3802#0: recv() failed (111: Connection refused)
2024/08/18 20:52:55 [error] 3802#0: recv() failed (111: Connection refused)
2024/08/18 20:52:55 [error] 3802#0: recv() failed (111: Connection refused)
2024/08/18 20:52:55 [error] 3802#0: recv() failed (111: Connection refused)
2024/08/18 20:52:55 [error] 3802#0: recv() failed (111: Connection refused)
2024/08/18 20:52:55 [error] 3802#0: recv() failed (111: Connection refused)
2024/08/18 20:52:55 [error] 3802#0: recv() failed (111: Connection refused)
2024/08/18 20:52:55 [error] 3802#0: recv() failed (111: Connection refused)
2024/08/18 20:52:55 [error] 3802#0: recv() failed (111: Connection refused)
2024/08/18 20:52:55 [error] 3802#0: recv() failed (111: Connection refused)
2024/08/18 20:52:55 [error] 3802#0: recv() failed (111: Connection refused)
2024/08/18 20:55:07 [error] 3802#0: recv() failed (111: Connection refused)
2024/08/18 20:55:07 [error] 3802#0: recv() failed (111: Connection refused)
2024/08/18 20:55:26 [error] 3802#0: recv() failed (111: Connection refused)
2024/08/18 20:56:18 [error] 3802#0: recv() failed (111: Connection refused)
2024/08/18 20:56:18 [error] 3802#0: recv() failed (111: Connection refused)
2024/08/18 20:56:18 [error] 3802#0: recv() failed (111: Connection refused)
2024/08/18 20:56:18 [error] 3802#0: recv() failed (111: Connection refused)
2024/08/18 20:56:18 [error] 3802#0: recv() failed (111: Connection refused)
2024/08/18 20:56:18 [error] 3802#0: recv() failed (111: Connection refused)
2024/08/18 20:56:18 [error] 3802#0: recv() failed (111: Connection refused)
2024/08/18 20:56:18 [error] 3802#0: recv() failed (111: Connection refused)
2024/08/18 20:56:18 [error] 3802#0: recv() failed (111: Connection refused)
2024/08/18 20:56:18 [error] 3802#0: recv() failed (111: Connection refused)
2024/08/18 20:56:18 [error] 3802#0: recv() failed (111: Connection refused)
2024/08/18 20:56:18 [error] 3802#0: recv() failed (111: Connection refused)
2024/08/18 20:56:18 [error] 3802#0: recv() failed (111: Connection refused)
2024/08/18 20:56:18 [error] 3802#0: recv() failed (111: Connection refused)
2024/08/18 20:56:18 [error] 3802#0: recv() failed (111: Connection refused)
2024/08/18 20:56:19 [error] 3802#0: recv() failed (111: Connection refused)
2024/08/18 20:56:19 [error] 3802#0: recv() failed (111: Connection refused)
2024/08/18 20:56:19 [error] 3802#0: recv() failed (111: Connection refused)
2024/08/18 20:56:19 [error] 3802#0: recv() failed (111: Connection refused)
2024/08/18 20:56:19 [error] 3802#0: recv() failed (111: Connection refused)
2024/08/18 20:56:19 [error] 3802#0: recv() failed (111: Connection refused)
2024/08/18 20:56:19 [error] 3802#0: recv() failed (111: Connection refused)
2024/08/18 20:56:19 [error] 3802#0: recv() failed (111: Connection refused)
2024/08/18 20:56:19 [error] 3802#0: recv() failed (111: Connection refused)
2024/08/18 20:58:49 [error] 3802#0: recv() failed (111: Connection refused)
2024/08/18 20:58:49 [error] 3802#0: recv() failed (111: Connection refused)
2024/08/18 20:58:49 [error] 3802#0: recv() failed (111: Connection refused)
2024/08/18 20:59:11 [error] 3802#0: recv() failed (111: Connection refused)
2024/08/18 21:01:47 [error] 3802#0: recv() failed (111: Connection refused)
2024/08/18 21:01:47 [error] 3802#0: recv() failed (111: Connection refused)
2024/08/18 21:01:47 [error] 3802#0: recv() failed (111: Connection refused)
2024/08/18 21:01:48 [error] 3802#0: recv() failed (111: Connection refused)
2024/08/18 21:01:48 [error] 3802#0: recv() failed (111: Connection refused)
2024/08/18 21:01:48 [error] 3802#0: recv() failed (111: Connection refused)
2024/08/18 21:01:48 [error] 3802#0: recv() failed (111: Connection refused)
2024/08/18 21:01:48 [error] 3802#0: recv() failed (111: Connection refused)
2024/08/18 21:01:48 [error] 3802#0: recv() failed (111: Connection refused)
2024/08/18 21:01:48 [error] 3802#0: recv() failed (111: Connection refused)
2024/08/18 21:01:48 [error] 3802#0: recv() failed (111: Connection refused)
2024/08/18 21:01:48 [error] 3802#0: recv() failed (111: Connection refused)
2024/08/18 21:01:48 [error] 3802#0: recv() failed (111: Connection refused)
2024/08/18 21:01:48 [error] 3802#0: recv() failed (111: Connection refused)
2024/08/18 21:01:48 [error] 3802#0: recv() failed (111: Connection refused)
2024/08/18 21:01:48 [error] 3802#0: recv() failed (111: Connection refused)
2024/08/18 21:01:48 [error] 3802#0: recv() failed (111: Connection refused)
2024/08/18 21:01:48 [error] 3802#0: recv() failed (111: Connection refused)
2024/08/18 21:01:49 [error] 3802#0: recv() failed (111: Connection refused)
2024/08/18 21:01:49 [error] 3802#0: recv() failed (111: Connection refused)
2024/08/18 21:01:49 [error] 3802#0: recv() failed (111: Connection refused)
2024/08/19 00:32:42 [alert] 13442#0: detected a LuaJIT version which is not OpenResty's; many optimizations will be disabled and performance will be compromised (see https://github.com/openresty/luajit2 for OpenResty's LuaJIT or, even better, consider using the OpenResty releases from https://openresty.org/en/download.html)
2024/08/19 00:32:43 [alert] 13448#0: detected a LuaJIT version which is not OpenResty's; many optimizations will be disabled and performance will be compromised (see https://github.com/openresty/luajit2 for OpenResty's LuaJIT or, even better, consider using the OpenResty releases from https://openresty.org/en/download.html)
2024/08/19 00:32:43 [emerg] 13448#0: bind() to 0.0.0.0:5739 failed (98: Address already in use)
2024/08/19 00:32:43 [emerg] 13448#0: bind() to 0.0.0.0:1935 failed (98: Address already in use)
2024/08/19 00:32:43 [emerg] 13448#0: bind() to 0.0.0.0:5739 failed (98: Address already in use)
2024/08/19 00:32:43 [emerg] 13448#0: bind() to 0.0.0.0:1935 failed (98: Address already in use)
2024/08/19 00:32:43 [emerg] 13448#0: bind() to 0.0.0.0:5739 failed (98: Address already in use)
2024/08/19 00:32:43 [emerg] 13448#0: bind() to 0.0.0.0:1935 failed (98: Address already in use)
2024/08/19 00:32:43 [emerg] 13448#0: bind() to 0.0.0.0:5739 failed (98: Address already in use)
2024/08/19 00:32:43 [emerg] 13448#0: bind() to 0.0.0.0:1935 failed (98: Address already in use)
2024/08/19 00:32:43 [emerg] 13448#0: bind() to 0.0.0.0:5739 failed (98: Address already in use)
2024/08/19 00:32:43 [emerg] 13448#0: bind() to 0.0.0.0:1935 failed (98: Address already in use)
2024/08/19 00:32:43 [emerg] 13448#0: still could not bind()
2024/08/19 00:34:15 [alert] 13501#0: detected a LuaJIT version which is not OpenResty's; many optimizations will be disabled and performance will be compromised (see https://github.com/openresty/luajit2 for OpenResty's LuaJIT or, even better, consider using the OpenResty releases from https://openresty.org/en/download.html)
2024/08/19 00:34:15 [emerg] 13501#0: bind() to 0.0.0.0:5739 failed (98: Address already in use)
2024/08/19 00:34:15 [emerg] 13501#0: bind() to 0.0.0.0:1935 failed (98: Address already in use)
2024/08/19 00:34:15 [emerg] 13501#0: bind() to 0.0.0.0:5739 failed (98: Address already in use)
2024/08/19 00:34:15 [emerg] 13501#0: bind() to 0.0.0.0:1935 failed (98: Address already in use)
2024/08/19 00:34:15 [emerg] 13501#0: bind() to 0.0.0.0:5739 failed (98: Address already in use)
2024/08/19 00:34:15 [emerg] 13501#0: bind() to 0.0.0.0:1935 failed (98: Address already in use)
2024/08/19 00:34:15 [emerg] 13501#0: bind() to 0.0.0.0:5739 failed (98: Address already in use)
2024/08/19 00:34:15 [emerg] 13501#0: bind() to 0.0.0.0:1935 failed (98: Address already in use)
2024/08/19 00:34:15 [emerg] 13501#0: bind() to 0.0.0.0:5739 failed (98: Address already in use)
2024/08/19 00:34:15 [emerg] 13501#0: bind() to 0.0.0.0:1935 failed (98: Address already in use)
2024/08/19 00:34:15 [emerg] 13501#0: still could not bind()
2024/08/19 00:36:06 [notice] 13580#0: signal process started
2024/08/19 00:36:09 [alert] 13584#0: detected a LuaJIT version which is not OpenResty's; many optimizations will be disabled and performance will be compromised (see https://github.com/openresty/luajit2 for OpenResty's LuaJIT or, even better, consider using the OpenResty releases from https://openresty.org/en/download.html)
2024/08/21 20:28:39 [alert] 2884#0: detected a LuaJIT version which is not OpenResty's; many optimizations will be disabled and performance will be compromised (see https://github.com/openresty/luajit2 for OpenResty's LuaJIT or, even better, consider using the OpenResty releases from https://openresty.org/en/download.html)
2024/08/21 20:28:42 [alert] 2890#0: detected a LuaJIT version which is not OpenResty's; many optimizations will be disabled and performance will be compromised (see https://github.com/openresty/luajit2 for OpenResty's LuaJIT or, even better, consider using the OpenResty releases from https://openresty.org/en/download.html)
2024/08/21 20:28:42 [emerg] 2890#0: bind() to 0.0.0.0:5739 failed (98: Address already in use)
2024/08/21 20:28:42 [emerg] 2890#0: bind() to 0.0.0.0:1935 failed (98: Address already in use)
2024/08/21 20:28:42 [emerg] 2890#0: bind() to 0.0.0.0:5739 failed (98: Address already in use)
2024/08/21 20:28:42 [emerg] 2890#0: bind() to 0.0.0.0:1935 failed (98: Address already in use)
2024/08/21 20:28:42 [emerg] 2890#0: bind() to 0.0.0.0:5739 failed (98: Address already in use)
2024/08/21 20:28:42 [emerg] 2890#0: bind() to 0.0.0.0:1935 failed (98: Address already in use)
2024/08/21 20:28:42 [emerg] 2890#0: bind() to 0.0.0.0:5739 failed (98: Address already in use)
2024/08/21 20:28:42 [emerg] 2890#0: bind() to 0.0.0.0:1935 failed (98: Address already in use)
2024/08/21 20:28:42 [emerg] 2890#0: bind() to 0.0.0.0:5739 failed (98: Address already in use)
2024/08/21 20:28:42 [emerg] 2890#0: bind() to 0.0.0.0:1935 failed (98: Address already in use)
2024/08/21 20:28:42 [emerg] 2890#0: still could not bind()
2024/08/21 20:30:42 [alert] 2933#0: detected a LuaJIT version which is not OpenResty's; many optimizations will be disabled and performance will be compromised (see https://github.com/openresty/luajit2 for OpenResty's LuaJIT or, even better, consider using the OpenResty releases from https://openresty.org/en/download.html)
2024/08/21 20:30:42 [emerg] 2933#0: bind() to 0.0.0.0:5739 failed (98: Address already in use)
2024/08/21 20:30:42 [emerg] 2933#0: bind() to 0.0.0.0:1935 failed (98: Address already in use)
2024/08/21 20:30:42 [emerg] 2933#0: bind() to 0.0.0.0:5739 failed (98: Address already in use)
2024/08/21 20:30:42 [emerg] 2933#0: bind() to 0.0.0.0:1935 failed (98: Address already in use)
2024/08/21 20:30:42 [emerg] 2933#0: bind() to 0.0.0.0:5739 failed (98: Address already in use)
2024/08/21 20:30:42 [emerg] 2933#0: bind() to 0.0.0.0:1935 failed (98: Address already in use)
2024/08/21 20:30:42 [emerg] 2933#0: bind() to 0.0.0.0:5739 failed (98: Address already in use)
2024/08/21 20:30:42 [emerg] 2933#0: bind() to 0.0.0.0:1935 failed (98: Address already in use)
2024/08/21 20:30:42 [emerg] 2933#0: bind() to 0.0.0.0:5739 failed (98: Address already in use)
2024/08/21 20:30:42 [emerg] 2933#0: bind() to 0.0.0.0:1935 failed (98: Address already in use)
2024/08/21 20:30:42 [emerg] 2933#0: still could not bind()
2024/08/21 21:14:26 [error] 2887#0: recv() failed (104: Connection reset by peer)
2024/08/21 21:36:29 [notice] 3966#0: signal process started
2024/08/21 21:36:33 [alert] 3968#0: detected a LuaJIT version which is not OpenResty's; many optimizations will be disabled and performance will be compromised (see https://github.com/openresty/luajit2 for OpenResty's LuaJIT or, even better, consider using the OpenResty releases from https://openresty.org/en/download.html)
2024/08/21 21:53:21 [error] 3970#0: recv() failed (104: Connection reset by peer)
2024/08/21 22:27:21 [error] 3970#0: recv() failed (104: Connection reset by peer)
2024/08/21 22:32:52 [error] 3970#0: recv() failed (104: Connection reset by peer)
2024/08/23 13:28:33 [alert] 2668#0: detected a LuaJIT version which is not OpenResty's; many optimizations will be disabled and performance will be compromised (see https://github.com/openresty/luajit2 for OpenResty's LuaJIT or, even better, consider using the OpenResty releases from https://openresty.org/en/download.html)
2024/08/23 13:28:33 [alert] 2674#0: detected a LuaJIT version which is not OpenResty's; many optimizations will be disabled and performance will be compromised (see https://github.com/openresty/luajit2 for OpenResty's LuaJIT or, even better, consider using the OpenResty releases from https://openresty.org/en/download.html)
2024/08/23 13:28:33 [emerg] 2674#0: bind() to 0.0.0.0:5739 failed (98: Address already in use)
2024/08/23 13:28:33 [emerg] 2674#0: bind() to 0.0.0.0:1935 failed (98: Address already in use)
2024/08/23 13:28:33 [emerg] 2674#0: bind() to 0.0.0.0:5739 failed (98: Address already in use)
2024/08/23 13:28:33 [emerg] 2674#0: bind() to 0.0.0.0:1935 failed (98: Address already in use)
2024/08/23 13:28:33 [emerg] 2674#0: bind() to 0.0.0.0:5739 failed (98: Address already in use)
2024/08/23 13:28:33 [emerg] 2674#0: bind() to 0.0.0.0:1935 failed (98: Address already in use)
2024/08/23 13:28:33 [emerg] 2674#0: bind() to 0.0.0.0:5739 failed (98: Address already in use)
2024/08/23 13:28:33 [emerg] 2674#0: bind() to 0.0.0.0:1935 failed (98: Address already in use)
2024/08/23 13:28:35 [alert] 2676#0: detected a LuaJIT version which is not OpenResty's; many optimizations will be disabled and performance will be compromised (see https://github.com/openresty/luajit2 for OpenResty's LuaJIT or, even better, consider using the OpenResty releases from https://openresty.org/en/download.html)
2024/08/23 13:28:35 [emerg] 2676#0: bind() to 0.0.0.0:5739 failed (98: Address already in use)
2024/08/23 13:28:35 [emerg] 2676#0: bind() to 0.0.0.0:1935 failed (98: Address already in use)
2024/08/23 13:28:33 [emerg] 2674#0: bind() to 0.0.0.0:5739 failed (98: Address already in use)
2024/08/23 13:28:33 [emerg] 2674#0: bind() to 0.0.0.0:1935 failed (98: Address already in use)
2024/08/23 13:28:35 [emerg] 2676#0: bind() to 0.0.0.0:5739 failed (98: Address already in use)
2024/08/23 13:28:35 [emerg] 2676#0: bind() to 0.0.0.0:1935 failed (98: Address already in use)
2024/08/23 13:28:33 [emerg] 2674#0: still could not bind()
2024/08/23 13:28:35 [emerg] 2676#0: bind() to 0.0.0.0:5739 failed (98: Address already in use)
2024/08/23 13:28:35 [emerg] 2676#0: bind() to 0.0.0.0:1935 failed (98: Address already in use)
2024/08/23 13:28:35 [emerg] 2676#0: bind() to 0.0.0.0:5739 failed (98: Address already in use)
2024/08/23 13:28:35 [emerg] 2676#0: bind() to 0.0.0.0:1935 failed (98: Address already in use)
2024/08/23 13:28:35 [emerg] 2676#0: bind() to 0.0.0.0:5739 failed (98: Address already in use)
2024/08/23 13:28:35 [emerg] 2676#0: bind() to 0.0.0.0:1935 failed (98: Address already in use)
2024/08/23 13:28:35 [emerg] 2676#0: still could not bind()
2024/08/23 13:28:42 [alert] 2712#0: detected a LuaJIT version which is not OpenResty's; many optimizations will be disabled and performance will be compromised (see https://github.com/openresty/luajit2 for OpenResty's LuaJIT or, even better, consider using the OpenResty releases from https://openresty.org/en/download.html)
2024/08/23 13:28:42 [emerg] 2712#0: bind() to 0.0.0.0:5739 failed (98: Address already in use)
2024/08/23 13:28:42 [emerg] 2712#0: bind() to 0.0.0.0:1935 failed (98: Address already in use)
2024/08/23 13:28:42 [emerg] 2712#0: bind() to 0.0.0.0:5739 failed (98: Address already in use)
2024/08/23 13:28:42 [emerg] 2712#0: bind() to 0.0.0.0:1935 failed (98: Address already in use)
2024/08/23 13:28:42 [emerg] 2712#0: bind() to 0.0.0.0:5739 failed (98: Address already in use)
2024/08/23 13:28:42 [emerg] 2712#0: bind() to 0.0.0.0:1935 failed (98: Address already in use)
2024/08/23 13:28:42 [emerg] 2712#0: bind() to 0.0.0.0:5739 failed (98: Address already in use)
2024/08/23 13:28:42 [emerg] 2712#0: bind() to 0.0.0.0:1935 failed (98: Address already in use)
2024/08/23 13:28:42 [emerg] 2712#0: bind() to 0.0.0.0:5739 failed (98: Address already in use)
2024/08/23 13:28:42 [emerg] 2712#0: bind() to 0.0.0.0:1935 failed (98: Address already in use)
2024/08/23 13:28:42 [emerg] 2712#0: still could not bind()
2024/08/23 13:47:49 [notice] 3390#0: signal process started
2024/08/23 13:48:57 [alert] 3425#0: detected a LuaJIT version which is not OpenResty's; many optimizations will be disabled and performance will be compromised (see https://github.com/openresty/luajit2 for OpenResty's LuaJIT or, even better, consider using the OpenResty releases from https://openresty.org/en/download.html)
2024/08/23 13:49:39 [notice] 3432#0: signal process started
2024/08/23 13:49:42 [alert] 3435#0: detected a LuaJIT version which is not OpenResty's; many optimizations will be disabled and performance will be compromised (see https://github.com/openresty/luajit2 for OpenResty's LuaJIT or, even better, consider using the OpenResty releases from https://openresty.org/en/download.html)
2024/08/23 13:54:18 [alert] 2661#0: detected a LuaJIT version which is not OpenResty's; many optimizations will be disabled and performance will be compromised (see https://github.com/openresty/luajit2 for OpenResty's LuaJIT or, even better, consider using the OpenResty releases from https://openresty.org/en/download.html)
2024/08/23 14:23:40 [notice] 3151#0: signal process started
2024/08/23 14:23:45 [alert] 3154#0: detected a LuaJIT version which is not OpenResty's; many optimizations will be disabled and performance will be compromised (see https://github.com/openresty/luajit2 for OpenResty's LuaJIT or, even better, consider using the OpenResty releases from https://openresty.org/en/download.html)
2024/08/23 14:49:50 [notice] 3517#0: signal process started
2024/08/23 14:49:57 [alert] 3542#0: detected a LuaJIT version which is not OpenResty's; many optimizations will be disabled and performance will be compromised (see https://github.com/openresty/luajit2 for OpenResty's LuaJIT or, even better, consider using the OpenResty releases from https://openresty.org/en/download.html)
2024/08/23 14:54:48 [alert] 2659#0: detected a LuaJIT version which is not OpenResty's; many optimizations will be disabled and performance will be compromised (see https://github.com/openresty/luajit2 for OpenResty's LuaJIT or, even better, consider using the OpenResty releases from https://openresty.org/en/download.html)
2024/08/23 14:58:41 [notice] 3772#0: signal process started
2024/08/23 14:58:45 [alert] 3775#0: detected a LuaJIT version which is not OpenResty's; many optimizations will be disabled and performance will be compromised (see https://github.com/openresty/luajit2 for OpenResty's LuaJIT or, even better, consider using the OpenResty releases from https://openresty.org/en/download.html)
